<?xml version="1.0" encoding="UTF-8"?>
<testng-results skipped="2" failed="2" total="5" passed="1">
  <reporter-output>
    <line>
      <![CDATA[application navigated to http://srssprojects.in/]]>
    </line>
    <line>
      <![CDATA[Element located by By.id: txtuId]]>
    </line>
    <line>
      <![CDATA[Element located by By.id: txtPword]]>
    </line>
    <line>
      <![CDATA[Element located by By.id: login]]>
    </line>
    <line>
      <![CDATA[element cliked]]>
    </line>
    <line>
      <![CDATA[Login successfull]]>
    </line>
  </reporter-output>
  <suite name="Suite" duration-ms="52716" started-at="2016-07-09T06:28:43Z" finished-at="2016-07-09T06:29:35Z">
    <groups>
      <group name="negative">
        <method signature="TestExecution.loginAsAdmin()[pri:0, instance:in.srssprojects.admin.TestExecution@49e4cb85]" name="loginAsAdmin" class="in.srssprojects.admin.TestExecution"/>
        <method signature="TestExecution.branchCreationWithBlankData()[pri:3, instance:in.srssprojects.admin.TestExecution@49e4cb85]" name="branchCreationWithBlankData" class="in.srssprojects.admin.TestExecution"/>
      </group> <!-- negative -->
      <group name="roles">
        <method signature="TestExecution.loginAsAdmin()[pri:0, instance:in.srssprojects.admin.TestExecution@49e4cb85]" name="loginAsAdmin" class="in.srssprojects.admin.TestExecution"/>
      </group> <!-- roles -->
      <group name="positive">
        <method signature="TestExecution.loginAsAdmin()[pri:0, instance:in.srssprojects.admin.TestExecution@49e4cb85]" name="loginAsAdmin" class="in.srssprojects.admin.TestExecution"/>
        <method signature="TestExecution.branchCreationWithVData()[pri:1, instance:in.srssprojects.admin.TestExecution@49e4cb85]" name="branchCreationWithVData" class="in.srssprojects.admin.TestExecution"/>
      </group> <!-- positive -->
      <group name="branches">
        <method signature="TestExecution.loginAsAdmin()[pri:0, instance:in.srssprojects.admin.TestExecution@49e4cb85]" name="loginAsAdmin" class="in.srssprojects.admin.TestExecution"/>
        <method signature="TestExecution.verifyBranchesButton()[pri:30, instance:in.srssprojects.admin.TestExecution@49e4cb85]" name="verifyBranchesButton" class="in.srssprojects.admin.TestExecution"/>
        <method signature="TestExecution.branchCreationWithDData()[pri:2, instance:in.srssprojects.admin.TestExecution@49e4cb85]" name="branchCreationWithDData" class="in.srssprojects.admin.TestExecution"/>
        <method signature="TestExecution.branchCreationWithVData()[pri:1, instance:in.srssprojects.admin.TestExecution@49e4cb85]" name="branchCreationWithVData" class="in.srssprojects.admin.TestExecution"/>
        <method signature="TestExecution.branchCreationWithBlankData()[pri:3, instance:in.srssprojects.admin.TestExecution@49e4cb85]" name="branchCreationWithBlankData" class="in.srssprojects.admin.TestExecution"/>
      </group> <!-- branches -->
      <group name="creation">
        <method signature="TestExecution.loginAsAdmin()[pri:0, instance:in.srssprojects.admin.TestExecution@49e4cb85]" name="loginAsAdmin" class="in.srssprojects.admin.TestExecution"/>
        <method signature="TestExecution.branchCreationWithDData()[pri:2, instance:in.srssprojects.admin.TestExecution@49e4cb85]" name="branchCreationWithDData" class="in.srssprojects.admin.TestExecution"/>
        <method signature="TestExecution.branchCreationWithVData()[pri:1, instance:in.srssprojects.admin.TestExecution@49e4cb85]" name="branchCreationWithVData" class="in.srssprojects.admin.TestExecution"/>
      </group> <!-- creation -->
      <group name="nagative">
        <method signature="TestExecution.branchCreationWithDData()[pri:2, instance:in.srssprojects.admin.TestExecution@49e4cb85]" name="branchCreationWithDData" class="in.srssprojects.admin.TestExecution"/>
      </group> <!-- nagative -->
    </groups>
    <test name="Test" duration-ms="52716" started-at="2016-07-09T06:28:43Z" finished-at="2016-07-09T06:29:35Z">
      <class name="in.srssprojects.admin.TestExecution">
        <test-method status="PASS" signature="BeforeSuiteMethod()[pri:0, instance:in.srssprojects.admin.TestExecution@49e4cb85]" name="BeforeSuiteMethod" is-config="true" duration-ms="440" started-at="2016-07-09T11:58:42Z" finished-at="2016-07-09T11:58:43Z">
          <reporter-output>
          </reporter-output>
        </test-method> <!-- BeforeSuiteMethod -->
        <test-method status="PASS" signature="launchApp(java.lang.String, java.lang.String)[pri:0, instance:in.srssprojects.admin.TestExecution@49e4cb85]" name="launchApp" is-config="true" duration-ms="6133" started-at="2016-07-09T11:58:43Z" finished-at="2016-07-09T11:58:49Z">
          <params>
            <param index="0">
              <value>
                <![CDATA[http://srssprojects.in]]>
              </value>
            </param>
            <param index="1">
              <value>
                <![CDATA[firefox]]>
              </value>
            </param>
          </params>
          <reporter-output>
            <line>
              <![CDATA[application navigated to http://srssprojects.in/]]>
            </line>
          </reporter-output>
        </test-method> <!-- launchApp -->
        <test-method status="PASS" signature="loginAsAdmin()[pri:0, instance:in.srssprojects.admin.TestExecution@49e4cb85]" name="loginAsAdmin" duration-ms="1692" started-at="2016-07-09T11:58:49Z" finished-at="2016-07-09T11:58:51Z">
          <reporter-output>
            <line>
              <![CDATA[Element located by By.id: txtuId]]>
            </line>
            <line>
              <![CDATA[Element located by By.id: txtPword]]>
            </line>
            <line>
              <![CDATA[Element located by By.id: login]]>
            </line>
            <line>
              <![CDATA[element cliked]]>
            </line>
            <line>
              <![CDATA[Login successfull]]>
            </line>
          </reporter-output>
        </test-method> <!-- loginAsAdmin -->
        <test-method status="FAIL" signature="branchCreationWithBlankData()[pri:3, instance:in.srssprojects.admin.TestExecution@49e4cb85]" name="branchCreationWithBlankData" duration-ms="20050" started-at="2016-07-09T11:58:51Z" finished-at="2016-07-09T11:59:11Z">
          <exception class="org.openqa.selenium.NoSuchElementException">
            <message>
              <![CDATA[Unable to locate element: {"method":"xpath","selector":"//img[@src='images/Branches_but.jpg']"}
Command duration or timeout: 20.04 seconds
For documentation on this error, please visit: http://seleniumhq.org/exceptions/no_such_element.html
Build info: version: '2.53.0', revision: '35ae25b', time: '2016-03-15 16:57:40'
System info: host: 'MacBook-Air.local', ip: '192.168.0.162', os.name: 'Mac OS X', os.arch: 'x86_64', os.version: '10.11.5', java.version: '1.8.0_65'
Driver info: org.openqa.selenium.firefox.FirefoxDriver
Capabilities [{applicationCacheEnabled=true, rotatable=false, handlesAlerts=true, databaseEnabled=true, version=44.0, platform=MAC, nativeEvents=false, acceptSslCerts=true, webStorageEnabled=true, locationContextEnabled=true, browserName=firefox, takesScreenshot=true, javascriptEnabled=true, cssSelectorsEnabled=true}]
Session ID: 2f196b98-2cf7-6546-aa32-38073bfa8a7d
*** Element info: {Using=xpath, value=//img[@src='images/Branches_but.jpg']}]]>
            </message>
            <full-stacktrace>
              <![CDATA[org.openqa.selenium.NoSuchElementException: Unable to locate element: {"method":"xpath","selector":"//img[@src='images/Branches_but.jpg']"}
Command duration or timeout: 20.04 seconds
For documentation on this error, please visit: http://seleniumhq.org/exceptions/no_such_element.html
Build info: version: '2.53.0', revision: '35ae25b', time: '2016-03-15 16:57:40'
System info: host: 'MacBook-Air.local', ip: '192.168.0.162', os.name: 'Mac OS X', os.arch: 'x86_64', os.version: '10.11.5', java.version: '1.8.0_65'
Driver info: org.openqa.selenium.firefox.FirefoxDriver
Capabilities [{applicationCacheEnabled=true, rotatable=false, handlesAlerts=true, databaseEnabled=true, version=44.0, platform=MAC, nativeEvents=false, acceptSslCerts=true, webStorageEnabled=true, locationContextEnabled=true, browserName=firefox, takesScreenshot=true, javascriptEnabled=true, cssSelectorsEnabled=true}]
Session ID: 2f196b98-2cf7-6546-aa32-38073bfa8a7d
*** Element info: {Using=xpath, value=//img[@src='images/Branches_but.jpg']}
	at sun.reflect.NativeConstructorAccessorImpl.newInstance0(Native Method)
	at sun.reflect.NativeConstructorAccessorImpl.newInstance(NativeConstructorAccessorImpl.java:62)
	at sun.reflect.DelegatingConstructorAccessorImpl.newInstance(DelegatingConstructorAccessorImpl.java:45)
	at java.lang.reflect.Constructor.newInstance(Constructor.java:422)
	at org.openqa.selenium.remote.ErrorHandler.createThrowable(ErrorHandler.java:206)
	at org.openqa.selenium.remote.ErrorHandler.throwIfResponseFailed(ErrorHandler.java:158)
	at org.openqa.selenium.remote.RemoteWebDriver.execute(RemoteWebDriver.java:678)
	at org.openqa.selenium.remote.RemoteWebDriver.findElement(RemoteWebDriver.java:363)
	at org.openqa.selenium.remote.RemoteWebDriver.findElementByXPath(RemoteWebDriver.java:500)
	at org.openqa.selenium.By$ByXPath.findElement(By.java:361)
	at org.openqa.selenium.remote.RemoteWebDriver.findElement(RemoteWebDriver.java:355)
	at sun.reflect.NativeMethodAccessorImpl.invoke0(Native Method)
	at sun.reflect.NativeMethodAccessorImpl.invoke(NativeMethodAccessorImpl.java:62)
	at sun.reflect.DelegatingMethodAccessorImpl.invoke(DelegatingMethodAccessorImpl.java:43)
	at java.lang.reflect.Method.invoke(Method.java:497)
	at org.openqa.selenium.support.events.EventFiringWebDriver$2.invoke(EventFiringWebDriver.java:103)
	at com.sun.proxy.$Proxy9.findElement(Unknown Source)
	at org.openqa.selenium.support.events.EventFiringWebDriver.findElement(EventFiringWebDriver.java:188)
	at in.srssprojects.admin.AdminHomePage.branchesButton(AdminHomePage.java:26)
	at in.srssprojects.admin.AdminHomePage.clickBranchesButton(AdminHomePage.java:57)
	at in.srssprojects.admin.TestExecution.branchCreationWithBlankData(TestExecution.java:201)
	at sun.reflect.NativeMethodAccessorImpl.invoke0(Native Method)
	at sun.reflect.NativeMethodAccessorImpl.invoke(NativeMethodAccessorImpl.java:62)
	at sun.reflect.DelegatingMethodAccessorImpl.invoke(DelegatingMethodAccessorImpl.java:43)
	at java.lang.reflect.Method.invoke(Method.java:497)
	at org.testng.internal.MethodInvocationHelper.invokeMethod(MethodInvocationHelper.java:85)
	at org.testng.internal.Invoker.invokeMethod(Invoker.java:639)
	at org.testng.internal.Invoker.invokeTestMethod(Invoker.java:816)
	at org.testng.internal.Invoker.invokeTestMethods(Invoker.java:1124)
	at org.testng.internal.TestMethodWorker.invokeTestMethods(TestMethodWorker.java:125)
	at org.testng.internal.TestMethodWorker.run(TestMethodWorker.java:108)
	at org.testng.TestRunner.privateRun(TestRunner.java:774)
	at org.testng.TestRunner.run(TestRunner.java:624)
	at org.testng.SuiteRunner.runTest(SuiteRunner.java:359)
	at org.testng.SuiteRunner.runSequentially(SuiteRunner.java:354)
	at org.testng.SuiteRunner.privateRun(SuiteRunner.java:312)
	at org.testng.SuiteRunner.run(SuiteRunner.java:261)
	at org.testng.SuiteRunnerWorker.runSuite(SuiteRunnerWorker.java:52)
	at org.testng.SuiteRunnerWorker.run(SuiteRunnerWorker.java:86)
	at org.testng.TestNG.runSuitesSequentially(TestNG.java:1215)
	at org.testng.TestNG.runSuitesLocally(TestNG.java:1140)
	at org.testng.TestNG.run(TestNG.java:1048)
	at org.testng.remote.RemoteTestNG.run(RemoteTestNG.java:112)
	at org.testng.remote.RemoteTestNG.initAndRun(RemoteTestNG.java:205)
	at org.testng.remote.RemoteTestNG.main(RemoteTestNG.java:176)
Caused by: org.openqa.selenium.NoSuchElementException: Unable to locate element: {"method":"xpath","selector":"//img[@src='images/Branches_but.jpg']"}
For documentation on this error, please visit: http://seleniumhq.org/exceptions/no_such_element.html
Build info: version: '2.53.0', revision: '35ae25b', time: '2016-03-15 16:57:40'
System info: host: 'MacBook-Air.local', ip: '192.168.0.162', os.name: 'Mac OS X', os.arch: 'x86_64', os.version: '10.11.5', java.version: '1.8.0_65'
Driver info: driver.version: unknown
	at <anonymous class>.FirefoxDriver.prototype.findElementInternal_(file:///var/folders/2h/gn795c3s25l_hv55g8881dg80000gn/T/anonymous774231622105270330webdriver-profile/extensions/fxdriver@googlecode.com/components/driver-component.js:10770)
	at <anonymous class>.fxdriver.Timer.prototype.setTimeout/<.notify(file:///var/folders/2h/gn795c3s25l_hv55g8881dg80000gn/T/anonymous774231622105270330webdriver-profile/extensions/fxdriver@googlecode.com/components/driver-component.js:625)
]]>
            </full-stacktrace>
          </exception> <!-- org.openqa.selenium.NoSuchElementException -->
          <reporter-output>
          </reporter-output>
        </test-method> <!-- branchCreationWithBlankData -->
        <test-method status="FAIL" signature="verifyBranchesButton()[pri:30, instance:in.srssprojects.admin.TestExecution@49e4cb85]" name="verifyBranchesButton" duration-ms="20041" started-at="2016-07-09T11:59:13Z" finished-at="2016-07-09T11:59:33Z">
          <exception class="org.openqa.selenium.NoSuchElementException">
            <message>
              <![CDATA[Unable to locate element: {"method":"xpath","selector":"//img[@src='images/Branches_but.jpg']"}
Command duration or timeout: 20.04 seconds
For documentation on this error, please visit: http://seleniumhq.org/exceptions/no_such_element.html
Build info: version: '2.53.0', revision: '35ae25b', time: '2016-03-15 16:57:40'
System info: host: 'MacBook-Air.local', ip: '192.168.0.162', os.name: 'Mac OS X', os.arch: 'x86_64', os.version: '10.11.5', java.version: '1.8.0_65'
Driver info: org.openqa.selenium.firefox.FirefoxDriver
Capabilities [{applicationCacheEnabled=true, rotatable=false, handlesAlerts=true, databaseEnabled=true, version=44.0, platform=MAC, nativeEvents=false, acceptSslCerts=true, webStorageEnabled=true, locationContextEnabled=true, browserName=firefox, takesScreenshot=true, javascriptEnabled=true, cssSelectorsEnabled=true}]
Session ID: 2f196b98-2cf7-6546-aa32-38073bfa8a7d
*** Element info: {Using=xpath, value=//img[@src='images/Branches_but.jpg']}]]>
            </message>
            <full-stacktrace>
              <![CDATA[org.openqa.selenium.NoSuchElementException: Unable to locate element: {"method":"xpath","selector":"//img[@src='images/Branches_but.jpg']"}
Command duration or timeout: 20.04 seconds
For documentation on this error, please visit: http://seleniumhq.org/exceptions/no_such_element.html
Build info: version: '2.53.0', revision: '35ae25b', time: '2016-03-15 16:57:40'
System info: host: 'MacBook-Air.local', ip: '192.168.0.162', os.name: 'Mac OS X', os.arch: 'x86_64', os.version: '10.11.5', java.version: '1.8.0_65'
Driver info: org.openqa.selenium.firefox.FirefoxDriver
Capabilities [{applicationCacheEnabled=true, rotatable=false, handlesAlerts=true, databaseEnabled=true, version=44.0, platform=MAC, nativeEvents=false, acceptSslCerts=true, webStorageEnabled=true, locationContextEnabled=true, browserName=firefox, takesScreenshot=true, javascriptEnabled=true, cssSelectorsEnabled=true}]
Session ID: 2f196b98-2cf7-6546-aa32-38073bfa8a7d
*** Element info: {Using=xpath, value=//img[@src='images/Branches_but.jpg']}
	at sun.reflect.NativeConstructorAccessorImpl.newInstance0(Native Method)
	at sun.reflect.NativeConstructorAccessorImpl.newInstance(NativeConstructorAccessorImpl.java:62)
	at sun.reflect.DelegatingConstructorAccessorImpl.newInstance(DelegatingConstructorAccessorImpl.java:45)
	at java.lang.reflect.Constructor.newInstance(Constructor.java:422)
	at org.openqa.selenium.remote.ErrorHandler.createThrowable(ErrorHandler.java:206)
	at org.openqa.selenium.remote.ErrorHandler.throwIfResponseFailed(ErrorHandler.java:158)
	at org.openqa.selenium.remote.RemoteWebDriver.execute(RemoteWebDriver.java:678)
	at org.openqa.selenium.remote.RemoteWebDriver.findElement(RemoteWebDriver.java:363)
	at org.openqa.selenium.remote.RemoteWebDriver.findElementByXPath(RemoteWebDriver.java:500)
	at org.openqa.selenium.By$ByXPath.findElement(By.java:361)
	at org.openqa.selenium.remote.RemoteWebDriver.findElement(RemoteWebDriver.java:355)
	at sun.reflect.NativeMethodAccessorImpl.invoke0(Native Method)
	at sun.reflect.NativeMethodAccessorImpl.invoke(NativeMethodAccessorImpl.java:62)
	at sun.reflect.DelegatingMethodAccessorImpl.invoke(DelegatingMethodAccessorImpl.java:43)
	at java.lang.reflect.Method.invoke(Method.java:497)
	at org.openqa.selenium.support.events.EventFiringWebDriver$2.invoke(EventFiringWebDriver.java:103)
	at com.sun.proxy.$Proxy9.findElement(Unknown Source)
	at org.openqa.selenium.support.events.EventFiringWebDriver.findElement(EventFiringWebDriver.java:188)
	at in.srssprojects.admin.AdminHomePage.branchesButton(AdminHomePage.java:26)
	at in.srssprojects.admin.AdminHomePage.clickBranchesButton(AdminHomePage.java:57)
	at in.srssprojects.admin.TestExecution.verifyBranchesButton(TestExecution.java:165)
	at sun.reflect.NativeMethodAccessorImpl.invoke0(Native Method)
	at sun.reflect.NativeMethodAccessorImpl.invoke(NativeMethodAccessorImpl.java:62)
	at sun.reflect.DelegatingMethodAccessorImpl.invoke(DelegatingMethodAccessorImpl.java:43)
	at java.lang.reflect.Method.invoke(Method.java:497)
	at org.testng.internal.MethodInvocationHelper.invokeMethod(MethodInvocationHelper.java:85)
	at org.testng.internal.Invoker.invokeMethod(Invoker.java:639)
	at org.testng.internal.Invoker.invokeTestMethod(Invoker.java:816)
	at org.testng.internal.Invoker.invokeTestMethods(Invoker.java:1124)
	at org.testng.internal.TestMethodWorker.invokeTestMethods(TestMethodWorker.java:125)
	at org.testng.internal.TestMethodWorker.run(TestMethodWorker.java:108)
	at org.testng.TestRunner.privateRun(TestRunner.java:774)
	at org.testng.TestRunner.run(TestRunner.java:624)
	at org.testng.SuiteRunner.runTest(SuiteRunner.java:359)
	at org.testng.SuiteRunner.runSequentially(SuiteRunner.java:354)
	at org.testng.SuiteRunner.privateRun(SuiteRunner.java:312)
	at org.testng.SuiteRunner.run(SuiteRunner.java:261)
	at org.testng.SuiteRunnerWorker.runSuite(SuiteRunnerWorker.java:52)
	at org.testng.SuiteRunnerWorker.run(SuiteRunnerWorker.java:86)
	at org.testng.TestNG.runSuitesSequentially(TestNG.java:1215)
	at org.testng.TestNG.runSuitesLocally(TestNG.java:1140)
	at org.testng.TestNG.run(TestNG.java:1048)
	at org.testng.remote.RemoteTestNG.run(RemoteTestNG.java:112)
	at org.testng.remote.RemoteTestNG.initAndRun(RemoteTestNG.java:205)
	at org.testng.remote.RemoteTestNG.main(RemoteTestNG.java:176)
Caused by: org.openqa.selenium.NoSuchElementException: Unable to locate element: {"method":"xpath","selector":"//img[@src='images/Branches_but.jpg']"}
For documentation on this error, please visit: http://seleniumhq.org/exceptions/no_such_element.html
Build info: version: '2.53.0', revision: '35ae25b', time: '2016-03-15 16:57:40'
System info: host: 'MacBook-Air.local', ip: '192.168.0.162', os.name: 'Mac OS X', os.arch: 'x86_64', os.version: '10.11.5', java.version: '1.8.0_65'
Driver info: driver.version: unknown
	at <anonymous class>.FirefoxDriver.prototype.findElementInternal_(file:///var/folders/2h/gn795c3s25l_hv55g8881dg80000gn/T/anonymous774231622105270330webdriver-profile/extensions/fxdriver@googlecode.com/components/driver-component.js:10770)
	at <anonymous class>.fxdriver.Timer.prototype.setTimeout/<.notify(file:///var/folders/2h/gn795c3s25l_hv55g8881dg80000gn/T/anonymous774231622105270330webdriver-profile/extensions/fxdriver@googlecode.com/components/driver-component.js:625)
]]>
            </full-stacktrace>
          </exception> <!-- org.openqa.selenium.NoSuchElementException -->
          <reporter-output>
          </reporter-output>
        </test-method> <!-- verifyBranchesButton -->
        <test-method status="SKIP" signature="branchCreationWithVData()[pri:1, instance:in.srssprojects.admin.TestExecution@49e4cb85]" name="branchCreationWithVData" duration-ms="0" started-at="2016-07-09T11:59:35Z" depends-on-methods="in.srssprojects.admin.TestExecution.verifyBranchesButton" finished-at="2016-07-09T11:59:35Z">
          <exception class="java.lang.Throwable">
            <message>
              <![CDATA[Method TestExecution.branchCreationWithVData()[pri:1, instance:in.srssprojects.admin.TestExecution@49e4cb85] depends on not successfully finished methods]]>
            </message>
            <full-stacktrace>
              <![CDATA[java.lang.Throwable: Method TestExecution.branchCreationWithVData()[pri:1, instance:in.srssprojects.admin.TestExecution@49e4cb85] depends on not successfully finished methods
	at org.testng.internal.Invoker.invokeTestMethods(Invoker.java:1033)
	at org.testng.internal.TestMethodWorker.invokeTestMethods(TestMethodWorker.java:125)
	at org.testng.internal.TestMethodWorker.run(TestMethodWorker.java:108)
	at org.testng.TestRunner.privateRun(TestRunner.java:774)
	at org.testng.TestRunner.run(TestRunner.java:624)
	at org.testng.SuiteRunner.runTest(SuiteRunner.java:359)
	at org.testng.SuiteRunner.runSequentially(SuiteRunner.java:354)
	at org.testng.SuiteRunner.privateRun(SuiteRunner.java:312)
	at org.testng.SuiteRunner.run(SuiteRunner.java:261)
	at org.testng.SuiteRunnerWorker.runSuite(SuiteRunnerWorker.java:52)
	at org.testng.SuiteRunnerWorker.run(SuiteRunnerWorker.java:86)
	at org.testng.TestNG.runSuitesSequentially(TestNG.java:1215)
	at org.testng.TestNG.runSuitesLocally(TestNG.java:1140)
	at org.testng.TestNG.run(TestNG.java:1048)
	at org.testng.remote.RemoteTestNG.run(RemoteTestNG.java:112)
	at org.testng.remote.RemoteTestNG.initAndRun(RemoteTestNG.java:205)
	at org.testng.remote.RemoteTestNG.main(RemoteTestNG.java:176)
]]>
            </full-stacktrace>
          </exception> <!-- java.lang.Throwable -->
          <reporter-output>
          </reporter-output>
        </test-method> <!-- branchCreationWithVData -->
        <test-method status="SKIP" signature="branchCreationWithDData()[pri:2, instance:in.srssprojects.admin.TestExecution@49e4cb85]" name="branchCreationWithDData" duration-ms="0" started-at="2016-07-09T11:59:35Z" depends-on-methods="in.srssprojects.admin.TestExecution.verifyBranchesButton" finished-at="2016-07-09T11:59:35Z">
          <exception class="java.lang.Throwable">
            <message>
              <![CDATA[Method TestExecution.branchCreationWithDData()[pri:2, instance:in.srssprojects.admin.TestExecution@49e4cb85] depends on not successfully finished methods]]>
            </message>
            <full-stacktrace>
              <![CDATA[java.lang.Throwable: Method TestExecution.branchCreationWithDData()[pri:2, instance:in.srssprojects.admin.TestExecution@49e4cb85] depends on not successfully finished methods
	at org.testng.internal.Invoker.invokeTestMethods(Invoker.java:1033)
	at org.testng.internal.TestMethodWorker.invokeTestMethods(TestMethodWorker.java:125)
	at org.testng.internal.TestMethodWorker.run(TestMethodWorker.java:108)
	at org.testng.TestRunner.privateRun(TestRunner.java:774)
	at org.testng.TestRunner.run(TestRunner.java:624)
	at org.testng.SuiteRunner.runTest(SuiteRunner.java:359)
	at org.testng.SuiteRunner.runSequentially(SuiteRunner.java:354)
	at org.testng.SuiteRunner.privateRun(SuiteRunner.java:312)
	at org.testng.SuiteRunner.run(SuiteRunner.java:261)
	at org.testng.SuiteRunnerWorker.runSuite(SuiteRunnerWorker.java:52)
	at org.testng.SuiteRunnerWorker.run(SuiteRunnerWorker.java:86)
	at org.testng.TestNG.runSuitesSequentially(TestNG.java:1215)
	at org.testng.TestNG.runSuitesLocally(TestNG.java:1140)
	at org.testng.TestNG.run(TestNG.java:1048)
	at org.testng.remote.RemoteTestNG.run(RemoteTestNG.java:112)
	at org.testng.remote.RemoteTestNG.initAndRun(RemoteTestNG.java:205)
	at org.testng.remote.RemoteTestNG.main(RemoteTestNG.java:176)
]]>
            </full-stacktrace>
          </exception> <!-- java.lang.Throwable -->
          <reporter-output>
          </reporter-output>
        </test-method> <!-- branchCreationWithDData -->
        <test-method status="PASS" signature="afterSuiteMethod()[pri:0, instance:in.srssprojects.admin.TestExecution@49e4cb85]" name="afterSuiteMethod" is-config="true" duration-ms="325" started-at="2016-07-09T11:59:35Z" finished-at="2016-07-09T11:59:36Z">
          <reporter-output>
          </reporter-output>
        </test-method> <!-- afterSuiteMethod -->
      </class> <!-- in.srssprojects.admin.TestExecution -->
    </test> <!-- Test -->
  </suite> <!-- Suite -->
</testng-results>
