<?xml version="1.0" encoding="UTF-8"?>
<!-- Generated by org.testng.reporters.JUnitXMLReporter -->
<testsuite hostname="MacBook-Air.local" name="Default test" tests="24" failures="0" timestamp="9 Jul 2016 04:37:40 GMT" time="0.088" errors="0">
  <testcase name="@BeforeTest launchApp" time="0.0" classname="in.srssprojects.admin.TestExecution">
    <failure type="org.testng.TestNGException" message="
Parameter &amp;apos;url&amp;apos; is required by @Configuration on method launchApp but has not been marked @Optional or defined
in /private/var/folders/2h/gn795c3s25l_hv55g8881dg80000gn/T/testng-eclipse--1972460332/testng-customsuite.xml">
      <![CDATA[org.testng.TestNGException: 
Parameter 'url' is required by @Configuration on method launchApp but has not been marked @Optional or defined
in /private/var/folders/2h/gn795c3s25l_hv55g8881dg80000gn/T/testng-eclipse--1972460332/testng-customsuite.xml
	at org.testng.internal.Parameters.createParameters(Parameters.java:154)
	at org.testng.internal.Parameters.createParameters(Parameters.java:361)
	at org.testng.internal.Parameters.createConfigurationParameters(Parameters.java:84)
	at org.testng.internal.Invoker.invokeConfigurations(Invoker.java:197)
	at org.testng.internal.Invoker.invokeConfigurations(Invoker.java:138)
	at org.testng.TestRunner.beforeRun(TestRunner.java:648)
	at org.testng.TestRunner.run(TestRunner.java:616)
	at org.testng.SuiteRunner.runTest(SuiteRunner.java:359)
	at org.testng.SuiteRunner.runSequentially(SuiteRunner.java:354)
	at org.testng.SuiteRunner.privateRun(SuiteRunner.java:312)
	at org.testng.SuiteRunner.run(SuiteRunner.java:261)
	at org.testng.SuiteRunnerWorker.runSuite(SuiteRunnerWorker.java:52)
	at org.testng.SuiteRunnerWorker.run(SuiteRunnerWorker.java:86)
	at org.testng.TestNG.runSuitesSequentially(TestNG.java:1215)
	at org.testng.TestNG.runSuitesLocally(TestNG.java:1140)
	at org.testng.TestNG.run(TestNG.java:1048)
	at org.testng.remote.RemoteTestNG.run(RemoteTestNG.java:112)
	at org.testng.remote.RemoteTestNG.initAndRun(RemoteTestNG.java:205)
	at org.testng.remote.RemoteTestNG.main(RemoteTestNG.java:176)
]]>
    </failure>
  </testcase> <!-- @BeforeTest launchApp -->
  <testcase name="loginAsAdmin" time="0.001" classname="in.srssprojects.admin.TestExecution">
    <skipped/>
  </testcase> <!-- loginAsAdmin -->
  <testcase name="branchCreationWithDData" time="0.001" classname="in.srssprojects.admin.TestExecution">
    <skipped/>
  </testcase> <!-- branchCreationWithDData -->
  <testcase name="branchCreationWithBlankData" time="0.001" classname="in.srssprojects.admin.TestExecution">
    <skipped/>
  </testcase> <!-- branchCreationWithBlankData -->
  <testcase name="branchCreationReset" time="0.001" classname="in.srssprojects.admin.TestExecution">
    <skipped/>
  </testcase> <!-- branchCreationReset -->
  <testcase name="branchCreationCancel" time="0.001" classname="in.srssprojects.admin.TestExecution">
    <skipped/>
  </testcase> <!-- branchCreationCancel -->
  <testcase name="bracnhCreationCancelAfterFillingTheData" time="0.001" classname="in.srssprojects.admin.TestExecution">
    <skipped/>
  </testcase> <!-- bracnhCreationCancelAfterFillingTheData -->
  <testcase name="branchUpdationWithVData" time="0.001" classname="in.srssprojects.admin.TestExecution">
    <skipped/>
  </testcase> <!-- branchUpdationWithVData -->
  <testcase name="branchDeletionWithDependency" time="0.002" classname="in.srssprojects.admin.TestExecution">
    <skipped/>
  </testcase> <!-- branchDeletionWithDependency -->
  <testcase name="branchDeletionWODependency" time="0.001" classname="in.srssprojects.admin.TestExecution">
    <skipped/>
  </testcase> <!-- branchDeletionWODependency -->
  <testcase name="roleCreationWithVData" time="0.002" classname="in.srssprojects.admin.TestExecution">
    <skipped/>
  </testcase> <!-- roleCreationWithVData -->
  <testcase name="roleCreationWithDData" time="0.001" classname="in.srssprojects.admin.TestExecution">
    <skipped/>
  </testcase> <!-- roleCreationWithDData -->
  <testcase name="roleCreationWithBlankData" time="0.0" classname="in.srssprojects.admin.TestExecution">
    <skipped/>
  </testcase> <!-- roleCreationWithBlankData -->
  <testcase name="roleCreationReset" time="0.001" classname="in.srssprojects.admin.TestExecution">
    <skipped/>
  </testcase> <!-- roleCreationReset -->
  <testcase name="roleCreationCancel" time="0.0" classname="in.srssprojects.admin.TestExecution">
    <skipped/>
  </testcase> <!-- roleCreationCancel -->
  <testcase name="roleUpadationWithVD" time="0.001" classname="in.srssprojects.admin.TestExecution">
    <skipped/>
  </testcase> <!-- roleUpadationWithVD -->
  <testcase name="roleUpadationWithDuplicateData" time="0.001" classname="in.srssprojects.admin.TestExecution">
    <skipped/>
  </testcase> <!-- roleUpadationWithDuplicateData -->
  <testcase name="roleUpdationCancel" time="0.001" classname="in.srssprojects.admin.TestExecution">
    <skipped/>
  </testcase> <!-- roleUpdationCancel -->
  <testcase name="employeeCreationWVD" time="0.0" classname="in.srssprojects.admin.TestExecution">
    <skipped/>
  </testcase> <!-- employeeCreationWVD -->
  <testcase name="employeeCreationWDD" time="0.0" classname="in.srssprojects.admin.TestExecution">
    <skipped/>
  </testcase> <!-- employeeCreationWDD -->
  <testcase name="employeeCreationWBlankData" time="0.0" classname="in.srssprojects.admin.TestExecution">
    <skipped/>
  </testcase> <!-- employeeCreationWBlankData -->
  <testcase name="employeeCreationReset" time="0.001" classname="in.srssprojects.admin.TestExecution">
    <skipped/>
  </testcase> <!-- employeeCreationReset -->
  <testcase name="loginASEmployee" time="0.0" classname="in.srssprojects.admin.TestExecution">
    <skipped/>
  </testcase> <!-- loginASEmployee -->
  <testcase name="verifyBranchesButton" time="0.008" classname="in.srssprojects.admin.TestExecution">
    <skipped/>
  </testcase> <!-- verifyBranchesButton -->
  <testcase name="branchCreationWithVData" time="0.0" classname="in.srssprojects.admin.TestExecution">
    <skipped/>
  </testcase> <!-- branchCreationWithVData -->
</testsuite> <!-- Default test -->
